<?xml version="1.0" encoding="UTF-8" standalone="no"?>
<!DOCTYPE log SYSTEM "logger.dtd">
<log>
<record>
  <date>2018-05-07T16:32:28.381-0300</date>
  <logger>DANIEL BARRETO TORRES</logger>
  <level>FINE</level>
  <message>File 117110720-DANIEL BARRETO TORRES.zip was received. It was sent by DANIEL BARRETO TORRES from IP 150.165.42.200</message>
</record>
</log>
<?xml version="1.0" encoding="UTF-8" standalone="no"?>
<!DOCTYPE log SYSTEM "logger.dtd">
<log>
<record>
  <date>2018-05-11T02:36:27.295-0300</date>
  <logger>DANIEL BARRETO TORRES</logger>
  <level>FINE</level>
  <message>File 117110720-DANIEL BARRETO TORRES.zip was received. It was sent by DANIEL BARRETO TORRES from IP 10.0.0.145</message>
</record>
</log>
<?xml version="1.0" encoding="UTF-8" standalone="no"?>
<!DOCTYPE log SYSTEM "logger.dtd">
<log>
<record>
  <date>2018-05-11T02:45:53.418-0300</date>
  <logger>DANIEL BARRETO TORRES</logger>
  <level>FINE</level>
  <message>File 117110720-DANIEL BARRETO TORRES.zip was received. It was sent by DANIEL BARRETO TORRES from IP 10.0.0.145</message>
</record>
