<?xml version="1.0" encoding="UTF-8" standalone="no"?>
<!DOCTYPE log SYSTEM "logger.dtd">
<log>
<record>
  <date>2018-05-03T14:29:44.156-0300</date>
  <logger>DANIEL BARRETO TORRES</logger>
  <level>FINE</level>
  <message>File 117110720-DANIEL BARRETO TORRES.zip was received. It was sent by DANIEL BARRETO TORRES from IP 150.165.42.201</message>
</record>
</log>
<?xml version="1.0" encoding="UTF-8" standalone="no"?>
<!DOCTYPE log SYSTEM "logger.dtd">
<log>
<record>
  <date>2018-05-10T02:08:42.236-0300</date>
  <logger>DANIEL BARRETO TORRES</logger>
  <level>FINE</level>
  <message>File 117110720-DANIEL BARRETO TORRES.zip was received. It was sent by DANIEL BARRETO TORRES from IP 10.0.0.145</message>
</record>
</log>
<?xml version="1.0" encoding="UTF-8" standalone="no"?>
<!DOCTYPE log SYSTEM "logger.dtd">
<log>
<record>
  <date>2018-05-10T02:37:00.283-0300</date>
  <logger>DANIEL BARRETO TORRES</logger>
  <level>FINE</level>
  <message>File 117110720-DANIEL BARRETO TORRES.zip was received. It was sent by DANIEL BARRETO TORRES from IP 10.0.0.145</message>
</record>
